<?xml version="1.0" encoding="UTF-8"?>
<!-- Generated by org.testng.reporters.JUnitReportReporter -->
<testsuite hostname="Salman" failures="0" tests="4" name="api.test.UserTests" time="9.114" errors="0" timestamp="2023-08-16T12:42:07 IST" skipped="0">
  <testcase classname="api.test.UserTests" name="testPostUser" time="3.534"/>
  <system-out/>
  <testcase classname="api.test.UserTests" name="testGetUserByName" time="1.493"/>
  <system-out/>
  <testcase classname="api.test.UserTests" name="testUpdateUserByName" time="2.624"/>
  <system-out/>
  <testcase classname="api.test.UserTests" name="testDeleteUserByName" time="1.463"/>
  <system-out/>
</testsuite> <!-- api.test.UserTests -->
