<?xml version="1.0" encoding="UTF-8"?>
<!-- Generated by org.testng.reporters.JUnitReportReporter -->
<testsuite hostname="Salman" failures="0" tests="6" name="api.test.DataDrivenUserTest" time="9.491" errors="0" timestamp="2023-08-15T15:53:53 IST" skipped="0">
  <testcase classname="api.test.DataDrivenUserTest" name="testPostUser" time="2.766"/>
  <system-out/>
  <testcase classname="api.test.DataDrivenUserTest" name="testPostUser" time="1.311"/>
  <system-out/>
  <testcase classname="api.test.DataDrivenUserTest" name="testPostUser" time="1.391"/>
  <system-out/>
  <testcase classname="api.test.DataDrivenUserTest" name="testDeleteUser" time="1.483"/>
  <system-out/>
  <testcase classname="api.test.DataDrivenUserTest" name="testDeleteUser" time="1.314"/>
  <system-out/>
  <testcase classname="api.test.DataDrivenUserTest" name="testDeleteUser" time="1.226"/>
  <system-out/>
</testsuite> <!-- api.test.DataDrivenUserTest -->
