<?xml version="1.0" encoding="UTF-8"?>
<!-- Generated by org.testng.reporters.JUnitReportReporter -->
<testsuite hostname="Salman" failures="0" tests="4" name="api.test.UserTests2" time="7.442" errors="0" timestamp="2023-08-18T11:50:11 IST" skipped="0">
  <testcase classname="api.test.UserTests2" name="testPostUser" time="2.480"/>
  <system-out/>
  <testcase classname="api.test.UserTests2" name="testGetUserByName" time="1.206"/>
  <system-out/>
  <testcase classname="api.test.UserTests2" name="testUpdateUserByName" time="2.575"/>
  <system-out/>
  <testcase classname="api.test.UserTests2" name="testDeleteUserByName" time="1.181"/>
  <system-out/>
</testsuite> <!-- api.test.UserTests2 -->
