<?xml version="1.0" encoding="UTF-8"?>
<!-- Generated by org.testng.reporters.JUnitReportReporter -->
<testsuite hostname="Salman" failures="0" tests="4" name="api.test.UserTests2" time="7.261" errors="0" timestamp="2023-08-18T12:28:34 IST" skipped="0">
  <testcase classname="api.test.UserTests2" name="testPostUser" time="2.345"/>
  <system-out/>
  <testcase classname="api.test.UserTests2" name="testGetUserByName" time="1.263"/>
  <system-out/>
  <testcase classname="api.test.UserTests2" name="testUpdateUserByName" time="2.422"/>
  <system-out/>
  <testcase classname="api.test.UserTests2" name="testDeleteUserByName" time="1.231"/>
  <system-out/>
</testsuite> <!-- api.test.UserTests2 -->
